<?xml version="1.0" encoding="UTF-8"?>
<!-- Generated by org.testng.reporters.JUnitReportReporter -->
<testsuite hostname="LAPTOP-L05V6270" failures="0" tests="2" name="test.EGHomePageTest" time="40.491" errors="0" timestamp="2022-01-30T17:58:32 IST" skipped="0">
  <testcase classname="test.EGHomePageTest" name="kerEGLogoTest" time="24.387"/>
  <system-out/>
  <testcase classname="test.EGHomePageTest" name="kerEGTitleTest" time="16.104"/>
  <system-out/>
</testsuite> <!-- test.EGHomePageTest -->
