<?xml version="1.0" encoding="UTF-8"?>
<!-- Generated by org.testng.reporters.JUnitReportReporter -->
<testsuite hostname="LAPTOP-L05V6270" failures="0" tests="1" name="test.EGHomePageTest" time="17.169" errors="0" timestamp="2022-01-28T00:38:36 IST" skipped="0">
  <testcase classname="test.EGHomePageTest" name="header" time="17.169"/>
  <system-out/>
</testsuite> <!-- test.EGHomePageTest -->
